# JRE version: OpenJDK Runtime Environment (8.0_152-b01) (build 1.8.0_152-release-1343-b01)
# Java VM: OpenJDK 64-Bit Server VM (25.152-b01 mixed mode windows-amd64 compressed oops)
Heap:
 PSYoungGen      total 288256K, used 233563K [0x00000000e0000000, 0x00000000f6c80000, 0x0000000100000000)
  eden space 251392K, 78% used [0x00000000e0000000,0x00000000ec08ba10,0x00000000ef580000)
  from space 36864K, 98% used [0x00000000efe80000,0x00000000f220b318,0x00000000f2280000)
  to   space 60928K, 20% used [0x00000000f3100000,0x00000000f3d74090,0x00000000f6c80000)
 ParOldGen       total 138752K, used 87062K [0x00000000a0000000, 0x00000000a8780000, 0x00000000e0000000)
  object space 138752K, 62% used [0x00000000a0000000,0x00000000a5505a50,0x00000000a8780000)
 Metaspace       used 93542K, capacity 98414K, committed 98496K, reserved 1134592K
  class space    used 11758K, capacity 12634K, committed 12672K, reserved 1048576K
GC Heap History (10 events):
Event: 1088.183 GC heap after
Heap after GC invocations=18 (full 3):
 PSYoungGen      total 310272K, used 18920K [0x00000000e0000000, 0x00000000fac00000, 0x0000000100000000)
  eden space 291328K, 0% used [0x00000000e0000000,0x00000000e0000000,0x00000000f1c80000)
  from space 18944K, 99% used [0x00000000f4680000,0x00000000f58fa1b8,0x00000000f5900000)
  to   space 56832K, 0% used [0x00000000f7480000,0x00000000f7480000,0x00000000fac00000)
 ParOldGen       total 138752K, used 87022K [0x00000000a0000000, 0x00000000a8780000, 0x00000000e0000000)
  object space 138752K, 62% used [0x00000000a0000000,0x00000000a54fba50,0x00000000a8780000)
 Metaspace       used 88894K, capacity 93186K, committed 93312K, reserved 1130496K
  class space    used 11386K, capacity 12147K, committed 12160K, reserved 1048576K
}
Event: 1264.891 GC heap before
{Heap before GC invocations=19 (full 3):
 PSYoungGen      total 310272K, used 310248K [0x00000000e0000000, 0x00000000fac00000, 0x0000000100000000)
  eden space 291328K, 100% used [0x00000000e0000000,0x00000000f1c80000,0x00000000f1c80000)
  from space 18944K, 99% used [0x00000000f4680000,0x00000000f58fa1b8,0x00000000f5900000)
  to   space 56832K, 0% used [0x00000000f7480000,0x00000000f7480000,0x00000000fac00000)
 ParOldGen       total 138752K, used 87022K [0x00000000a0000000, 0x00000000a8780000, 0x00000000e0000000)
  object space 138752K, 62% used [0x00000000a0000000,0x00000000a54fba50,0x00000000a8780000)
 Metaspace       used 89313K, capacity 93826K, committed 93952K, reserved 1130496K
  class space    used 11424K, capacity 12217K, committed 12288K, reserved 1048576K
Event: 1264.980 GC heap after
Heap after GC invocations=19 (full 3):
 PSYoungGen      total 322560K, used 41780K [0x00000000e0000000, 0x00000000f9d80000, 0x0000000100000000)
  eden space 280576K, 0% used [0x00000000e0000000,0x00000000e0000000,0x00000000f1200000)
  from space 41984K, 99% used [0x00000000f7480000,0x00000000f9d4d3d0,0x00000000f9d80000)
  to   space 59904K, 0% used [0x00000000f2880000,0x00000000f2880000,0x00000000f6300000)
 ParOldGen       total 138752K, used 87030K [0x00000000a0000000, 0x00000000a8780000, 0x00000000e0000000)
  object space 138752K, 62% used [0x00000000a0000000,0x00000000a54fda50,0x00000000a8780000)
 Metaspace       used 89313K, capacity 93826K, committed 93952K, reserved 1130496K
  class space    used 11424K, capacity 12217K, committed 12288K, reserved 1048576K
}
Event: 1557.911 GC heap before
{Heap before GC invocations=20 (full 3):
 PSYoungGen      total 322560K, used 322356K [0x00000000e0000000, 0x00000000f9d80000, 0x0000000100000000)
  eden space 280576K, 100% used [0x00000000e0000000,0x00000000f1200000,0x00000000f1200000)
  from space 41984K, 99% used [0x00000000f7480000,0x00000000f9d4d3d0,0x00000000f9d80000)
  to   space 59904K, 0% used [0x00000000f2880000,0x00000000f2880000,0x00000000f6300000)
 ParOldGen       total 138752K, used 87030K [0x00000000a0000000, 0x00000000a8780000, 0x00000000e0000000)
  object space 138752K, 62% used [0x00000000a0000000,0x00000000a54fda50,0x00000000a8780000)
 Metaspace       used 89734K, capacity 94230K, committed 94464K, reserved 1132544K
  class space    used 11425K, capacity 12217K, committed 12288K, reserved 1048576K
Event: 1557.939 GC heap after
Heap after GC invocations=20 (full 3):
 PSYoungGen      total 308224K, used 37629K [0x00000000e0000000, 0x00000000f7f00000, 0x0000000100000000)
  eden space 270336K, 0% used [0x00000000e0000000,0x00000000e0000000,0x00000000f0800000)
  from space 37888K, 99% used [0x00000000f2880000,0x00000000f4d3f638,0x00000000f4d80000)
  to   space 50688K, 0% used [0x00000000f4d80000,0x00000000f4d80000,0x00000000f7f00000)
 ParOldGen       total 138752K, used 87038K [0x00000000a0000000, 0x00000000a8780000, 0x00000000e0000000)
  object space 138752K, 62% used [0x00000000a0000000,0x00000000a54ffa50,0x00000000a8780000)
 Metaspace       used 89734K, capacity 94230K, committed 94464K, reserved 1132544K
  class space    used 11425K, capacity 12217K, committed 12288K, reserved 1048576K
}
Event: 1634.964 GC heap before
{Heap before GC invocations=21 (full 3):
 PSYoungGen      total 308224K, used 307965K [0x00000000e0000000, 0x00000000f7f00000, 0x0000000100000000)
  eden space 270336K, 100% used [0x00000000e0000000,0x00000000f0800000,0x00000000f0800000)
  from space 37888K, 99% used [0x00000000f2880000,0x00000000f4d3f638,0x00000000f4d80000)
  to   space 50688K, 0% used [0x00000000f4d80000,0x00000000f4d80000,0x00000000f7f00000)
 ParOldGen       total 138752K, used 87038K [0x00000000a0000000, 0x00000000a8780000, 0x00000000e0000000)
  object space 138752K, 62% used [0x00000000a0000000,0x00000000a54ffa50,0x00000000a8780000)
 Metaspace       used 90070K, capacity 94638K, committed 94720K, reserved 1132544K
  class space    used 11426K, capacity 12217K, committed 12288K, reserved 1048576K
Event: 1634.990 GC heap after
Heap after GC invocations=21 (full 3):
 PSYoungGen      total 302592K, used 37755K [0x00000000e0000000, 0x00000000f7680000, 0x0000000100000000)
  eden space 260608K, 0% used [0x00000000e0000000,0x00000000e0000000,0x00000000efe80000)
  from space 41984K, 89% used [0x00000000f4d80000,0x00000000f725ec98,0x00000000f7680000)
  to   space 61440K, 0% used [0x00000000efe80000,0x00000000efe80000,0x00000000f3a80000)
 ParOldGen       total 138752K, used 87046K [0x00000000a0000000, 0x00000000a8780000, 0x00000000e0000000)
  object space 138752K, 62% used [0x00000000a0000000,0x00000000a5501a50,0x00000000a8780000)
 Metaspace       used 90070K, capacity 94638K, committed 94720K, reserved 1132544K
  class space    used 11426K, capacity 12217K, committed 12288K, reserved 1048576K
}
Event: 1691.787 GC heap before
{Heap before GC invocations=22 (full 3):
 PSYoungGen      total 302592K, used 298363K [0x00000000e0000000, 0x00000000f7680000, 0x0000000100000000)
  eden space 260608K, 100% used [0x00000000e0000000,0x00000000efe80000,0x00000000efe80000)
  from space 41984K, 89% used [0x00000000f4d80000,0x00000000f725ec98,0x00000000f7680000)
  to   space 61440K, 0% used [0x00000000efe80000,0x00000000efe80000,0x00000000f3a80000)
 ParOldGen       total 138752K, used 87046K [0x00000000a0000000, 0x00000000a8780000, 0x00000000e0000000)
  object space 138752K, 62% used [0x00000000a0000000,0x00000000a5501a50,0x00000000a8780000)
 Metaspace       used 90295K, capacity 94870K, committed 94976K, reserved 1132544K
  class space    used 11429K, capacity 12249K, committed 12288K, reserved 1048576K
Event: 1691.812 GC heap after
Heap after GC invocations=22 (full 3):
 PSYoungGen      total 288256K, used 36396K [0x00000000e0000000, 0x00000000f6c80000, 0x0000000100000000)
  eden space 251392K, 0% used [0x00000000e0000000,0x00000000e0000000,0x00000000ef580000)
  from space 36864K, 98% used [0x00000000efe80000,0x00000000f220b318,0x00000000f2280000)
  to   space 60928K, 0% used [0x00000000f3100000,0x00000000f3100000,0x00000000f6c80000)
 ParOldGen       total 138752K, used 87054K [0x00000000a0000000, 0x00000000a8780000, 0x00000000e0000000)
  object space 138752K, 62% used [0x00000000a0000000,0x00000000a5503a50,0x00000000a8780000)
 Metaspace       used 90295K, capacity 94870K, committed 94976K, reserved 1132544K
  class space    used 11429K, capacity 12249K, committed 12288K, reserved 1048576K
}
Event: 10605.646 GC heap before
{Heap before GC invocations=23 (full 3):
 PSYoungGen      total 288256K, used 233563K [0x00000000e0000000, 0x00000000f6c80000, 0x0000000100000000)
  eden space 251392K, 78% used [0x00000000e0000000,0x00000000ec08ba10,0x00000000ef580000)
  from space 36864K, 98% used [0x00000000efe80000,0x00000000f220b318,0x00000000f2280000)
  to   space 60928K, 0% used [0x00000000f3100000,0x00000000f3100000,0x00000000f6c80000)
 ParOldGen       total 138752K, used 87054K [0x00000000a0000000, 0x00000000a8780000, 0x00000000e0000000)
  object space 138752K, 62% used [0x00000000a0000000,0x00000000a5503a50,0x00000000a8780000)
 Metaspace       used 93542K, capacity 98414K, committed 98496K, reserved 1134592K
  class space    used 11758K, capacity 12634K, committed 12672K, reserved 1048576K

